<?xml version="1.0" encoding="UTF-8"?>
<!-- Generated by org.testng.reporters.JUnitXMLReporter -->
<testsuite hostname="KILLZONE-PC" ignored="1" name="GroupTesting" tests="3" failures="0" timestamp="23 Sep 2018 17:21:35 GMT" time="0.052" errors="0">
  <testcase name="aix" time="0.007" classname="com.testngexamples.intellipaatsolutions.GroupingExample"/>
  <testcase name="google" time="0.004" classname="com.testngexamples.intellipaatsolutions.GroupingExample"/>
  <testcase name="newtours" time="0.004" classname="com.testngexamples.intellipaatsolutions.GroupingExample"/>
  <testcase name="facebook" time="0.0" classname="com.testngexamples.intellipaatsolutions.GroupingExample">
    <ignored/>
  </testcase> <!-- facebook -->
</testsuite> <!-- GroupTesting -->
