<?xml version="1.0" encoding="UTF-8"?>
<!-- Generated by org.testng.reporters.JUnitXMLReporter -->
<testsuite hostname="KILLZONE-PC" ignored="0" name="MutlipleTests" tests="4" failures="0" timestamp="23 Sep 2018 17:07:31 GMT" time="0.086" errors="0">
  <testcase name="facebook" time="0.008" classname="com.testngexamples.intellipaatsolutions.BeforeAndAfterExample2"/>
  <testcase name="facebook" time="0.004" classname="com.testngexamples.intellipaatsolutions.BeforeAndAfterExample"/>
  <testcase name="google" time="0.004" classname="com.testngexamples.intellipaatsolutions.BeforeAndAfterExample2"/>
  <testcase name="google" time="0.004" classname="com.testngexamples.intellipaatsolutions.BeforeAndAfterExample"/>
</testsuite> <!-- MutlipleTests -->
