<?xml version="1.0" encoding="UTF-8"?>
<!-- Generated by org.testng.reporters.JUnitXMLReporter -->
<testsuite hostname="KILLZONE-PC" ignored="0" name="Command line test" tests="7" failures="0" timestamp="11 Mar 2019 10:12:13 GMT" time="0.063" errors="0">
  <testcase name="testWithOneSeparator" time="0.02" classname="vlocityhometest.vlocityhometest.StringSplitterTest"/>
  <testcase name="testWithOneSeparator2" time="0.0" classname="vlocityhometest.vlocityhometest.StringSplitterTest"/>
  <testcase name="testWithOneSeparatorButNoMatch" time="0.001" classname="vlocityhometest.vlocityhometest.StringSplitterTest"/>
  <testcase name="testWithTwoSeparator" time="0.0" classname="vlocityhometest.vlocityhometest.StringSplitterTest"/>
  <testcase name="testWithTwoSeparator2" time="0.0" classname="vlocityhometest.vlocityhometest.StringSplitterTest"/>
  <testcase name="testWithTwoSeparatorButNoMatch" time="0.0" classname="vlocityhometest.vlocityhometest.StringSplitterTest"/>
  <testcase name="testWithTwoSeparatorButOnlyOneMatch" time="0.0" classname="vlocityhometest.vlocityhometest.StringSplitterTest"/>
</testsuite> <!-- Command line test -->
