<?xml version="1.0" encoding="UTF-8"?>
<!-- Generated by org.testng.reporters.JUnitXMLReporter -->
<testsuite hostname="KILLZONE-PC" ignored="0" name="Default test" tests="2" failures="0" timestamp="23 Sep 2018 16:59:47 GMT" time="0.06" errors="0">
  <testcase name="facebook" time="0.008" classname="com.testngexamples.intellipaatsolutions.BeforeAndAfterExample"/>
  <testcase name="google" time="0.001" classname="com.testngexamples.intellipaatsolutions.BeforeAndAfterExample"/>
</testsuite> <!-- Default test -->
