<?xml version="1.0" encoding="UTF-8"?>
<!-- Generated by org.testng.reporters.JUnitXMLReporter -->
<testsuite hostname="KILLZONE-PC" ignored="0" name="Default test" tests="3" failures="0" timestamp="23 Sep 2018 18:13:45 GMT" time="25.546" errors="0">
  <testcase name="launchFacebook" time="2.987" classname="com.testngexamples.intellipaatsolutions.DataProvideExample2"/>
  <testcase name="launchFacebook" time="2.997" classname="com.testngexamples.intellipaatsolutions.DataProvideExample2"/>
  <testcase name="launchFacebook" time="2.641" classname="com.testngexamples.intellipaatsolutions.DataProvideExample2"/>
</testsuite> <!-- Default test -->
