<?xml version="1.0" encoding="UTF-8"?>
<testng-results skipped="0" failed="0" ignored="0" total="1" passed="1">
  <reporter-output>
  </reporter-output>
  <suite name="Suite" duration-ms="14883" started-at="2018-09-30T15:40:47Z" finished-at="2018-09-30T15:41:02Z">
    <groups>
    </groups>
    <test name="Test" duration-ms="14883" started-at="2018-09-30T15:40:47Z" finished-at="2018-09-30T15:41:02Z">
      <class name="com.testngexamples.intellipaatsolutions.PageFactoryExample">
        <test-method status="PASS" signature="setup()[pri:0, instance:com.testngexamples.intellipaatsolutions.PageFactoryExample@457e2f02]" name="setup" is-config="true" duration-ms="7931" started-at="2018-09-30T15:40:47Z" finished-at="2018-09-30T15:40:55Z">
          <reporter-output>
          </reporter-output>
        </test-method> <!-- setup -->
        <test-method status="PASS" signature="loginFacebook()[pri:0, instance:com.testngexamples.intellipaatsolutions.PageFactoryExample@457e2f02]" name="loginFacebook" duration-ms="6162" started-at="2018-09-30T15:40:55Z" finished-at="2018-09-30T15:41:01Z">
          <reporter-output>
          </reporter-output>
        </test-method> <!-- loginFacebook -->
        <test-method status="PASS" signature="tearDown()[pri:0, instance:com.testngexamples.intellipaatsolutions.PageFactoryExample@457e2f02]" name="tearDown" is-config="true" duration-ms="766" started-at="2018-09-30T15:41:01Z" finished-at="2018-09-30T15:41:02Z">
          <reporter-output>
          </reporter-output>
        </test-method> <!-- tearDown -->
      </class> <!-- com.testngexamples.intellipaatsolutions.PageFactoryExample -->
    </test> <!-- Test -->
  </suite> <!-- Suite -->
</testng-results>
